<?xml version="1.0" encoding="UTF-8"?>
<!-- Generated by org.testng.reporters.JUnitReportReporter -->
<testsuite hostname="192.168.1.125" failures="0" tests="5" name="com.example.PetAPITest" time="3.144" errors="0" timestamp="2024-05-18T13:48:49 BST" skipped="0">
  <testcase classname="com.example.PetAPITest" name="getPetTest" time="0.449"/>
  <system-out/>
  <testcase classname="com.example.PetAPITest" name="deletePetTest" time="0.427"/>
  <system-out/>
  <testcase classname="com.example.PetAPITest" name="putPetTest" time="0.465"/>
  <system-out/>
  <testcase classname="com.example.PetAPITest" name="postPetTest" time="1.341"/>
  <system-out/>
  <testcase classname="com.example.PetAPITest" name="getPetTestNotFound" time="0.462"/>
  <system-out/>
</testsuite> <!-- com.example.PetAPITest -->
